
### [PDD-P1-001] 2026-05-28T18:28:33-03:00 | Phase: P1_IDENTITY | Action: Bootstrap self-test

#### Command/Action
- Installed exocortex-self-test from artifacts/skills/exocortex-self-test/SKILL.md into ~/.hermes/skills/exocortex/exocortex-self-test/SKILL.md
- Updated ~/.hermes/SOUL.md Configuration State to P1_IDENTITY
- Executed bootstrap self-test

#### Files Modified
- /home/elder/.hermes/skills/exocortex/exocortex-self-test/SKILL.md
- /home/elder/.hermes/SOUL.md
- /home/elder/projetos/pessoal/exocortex.saas/plans/pdd_v2/logs/session_P1.log

#### Verification
```text
🔍 EXOCÓRTEX SELF-TEST — Fase Atual: P1_IDENTITY
──────────────────────────────────────
❌ Identity: SOUL.md ainda é template/bootstrap; contém Configuration State, mas não identidade completa.
❌ Memory: MEMORY.md ainda não existe/sem log persistente.
✅ Skills: bootstrap instalado | exocortex-self-test instalado em ~/.hermes/skills/exocortex.
❌ Tools: Não aplicável/verificado no bootstrap P1.
❌ Behavior: Não aplicável/verificado no bootstrap P1.
──────────────────────────────────────
📊 Score: 1/5 checkpoints OK
🔄 Próximo passo: Prompt 002
```
