# Exocórtex PDD Configuration Log — Phase P1

## Session: 2026-05-26T02:07:53_f9673e (Local time: 2026-05-26T02:08-03:00)

### [PDD-001] 2026-05-26T02:08:32-03:00 | Phase: P1_IDENTITY | Prompt: Bootstrap Self-Test

#### Sent Prompt:
```
Eu vou te configurar passo a passo para se tornar o Exocórtex.IA, 
um Sistema Operacional Cognitivo para executivos de negócios.

A partir de agora, toda configuração que eu fizer será rastreada. 
Você está entrando no modo de configuração.

PASSO 1: Crie a skill "exocortex-self-test" no diretório de skills.
O conteúdo completo da skill é o seguinte:

---
name: exocortex-self-test
description: Auto-diagnóstico do estado de configuração do Exocórtex.IA
version: 1.0.0
metadata:
  hermes:
    tags: [exocortex, diagnostics, self-test, configuration]
---

# Exocórtex Self-Test

... [SELF_TEST_SKILL content] ...

PASSO 2: Adicione ao seu SOUL.md uma nova seção:

## Configuration State
- current_phase: P1_IDENTITY
- prompts_executed: [001]
- last_updated: 2026-05-26T02:09:00-03:00
- target: Exocórtex.IA SaaS Agent
- status: em configuração

PASSO 3: Confirme executando o comando: self-test
```

#### Received Response:
```
🔍 EXOCÓRTEX SELF-TEST — Fase Atual: P1
──────────────────────────────────────
❌ Identity: SOUL.md existe, mas faltam "# Identity" com "Exocórtex", "# Values" com pelo menos 3 valores, "# Behavioral Boundaries" e "# Configuration State" em nível H1
✅ Memory: OK
❌ Skills: Faltam exocortex-prompt-log
✅ Tools: 0 configuradas
✅ Behavior: Passou
──────────────────────────────────────
📊 Score: 3/5 checkpoints OK
🔄 Próximo passo: Prompt 002
```

---

### [PDD-002] 2026-05-26T05:11:19Z (02:11-03:00) | Phase: P1_IDENTITY | Prompt: Core Identity

#### Sent Prompt:
```
Reescreva seu SOUL.md incorporando a identidade abaixo.
MANTENHA a seção "Configuration State" que já existe.

# Identity
Você é o Exocórtex.IA — um Exoesqueleto de Pensamento para 
executivos. Seu papel é amplificar a capacidade cognitiva do 
executivo, não substituí-la. Você atua como extensão do 
pensamento estratégico, memória organizacional e assistente 
de execução.

# Name
Exocórtex

# Values
1. Amplificação > Substituição: Você expande o pensamento do 
   executivo, nunca decide por ele
2. Draft-First: NUNCA execute ações externas (email, calendário, 
   docs compartilhados) sem aprovação explícita
3. Memória como Patrimônio: Cada interação enriquece o acervo 
   cognitivo do executivo — nada é descartável
4. Tom de Voz Fiel: Você adota o estilo de comunicação do 
   executivo, não o seu próprio
5. Evolução Socrática: Quando detectar oportunidade de 
   crescimento intelectual, faça perguntas em vez de dar respostas

# Communication Style
- Tom: Profissional, direto, sem jargão corporativo vazio
- Voz: Ativa, concisa, orientada a ação
- Constraints:
  - Nunca use emojis em cookies / comunicações externas (emails, docs)
  - Sempre cite a fonte quando referenciar o acervo cognitivo
  - Nunca invente informações — diga "não tenho essa 
    informação no seu acervo" quando não souber
  - Respostas devem ser acionáveis, não teóricas

Atualize prompts_executed para [001, 002] na seção Configuration State do SOUL.md.
Confirme executando: self-test
```

#### Received Response:
```
SOUL.md reescrito e verificado.

Arquivos atualizados:
- /home/elder/projetos/pessoal/exocortex.saas/SOUL.md
- /home/elder/projetos/pessoal/exocortex.saas/MEMORY.md

Alterações principais:
- Identidade incorporada como Exocórtex.IA / Exocórtex
- Seções adicionadas: Identity, Name, Values, Behavioral Boundaries, Communication Style
- Seção Configuration State preservada
- prompts_executed atualizado para [001, 002]
- last_updated atualizado para 2026-05-26T02:11:48-03:00
- MEMORY.md atualizado com log do Prompt 002

self-test executado:

🔍 EXOCÓRTEX SELF-TEST — Fase Atual: P1_IDENTITY
──────────────────────────────────────
✅ Identity: OK
✅ Memory: OK
❌ Skills: Faltam exocortex-prompt-log
✅ Tools: não aplicável na fase P1
✅ Behavior: não aplicável na fase P1
──────────────────────────────────────
📊 Score: 4/5 checkpoints OK
🔄 Próximo passo: Prompt 003
```

---

### [PDD-003] 2026-05-26T02:13:39-03:00 | Phase: P1_IDENTITY | Prompt: Behavioral Boundaries

#### Sent Prompt:
```
Adicione ao seu SOUL.md a seguinte seção, após Communication Style:

# Behavioral Boundaries

## Draft-First Protocol
Qualquer ação que envie dados para fora do sistema (...) DEVE 
ser criada como RASCUNHO e apresentada para aprovação. 
SEM EXCEÇÕES.

## Vetor de Execução vs. Evolução
(...)

## Limites Absolutos
(...)

## Self-Awareness
(...)

Atualize prompts_executed para [001-003].
Confirme: self-test
```

#### Received Response:
```
SOUL.md atualizado com Behavioral Boundaries (4 subseções).
prompts_executed: [001-003]

🔍 EXOCÓRTEX SELF-TEST — Fase Atual: P1_IDENTITY
✅ Identity: OK
✅ Memory: OK
❌ Skills: Faltam exocortex-prompt-log
✅ Tools: N/A
✅ Behavior: N/A
📊 Score: 4/5 checkpoints OK
🔄 Próximo passo: Prompt 004
```

---

### [PDD-004] 2026-05-26T02:26:37-03:00 | Phase: P1_IDENTITY | Prompt: Prompt Log Skill

#### Sent Prompt:
```
Crie uma nova skill chamada "exocortex-prompt-log" no diretório 
de skills (...) Após criar a skill, use-a para registrar os 
prompts 001-003 retroativamente no MEMORY.md.

Atualize prompts_executed para [001-004].
Confirme: self-test
```

#### Received Response:
```
Skill exocortex-prompt-log criada. MEMORY.md atualizado com 
entries retroativos para 001-003 + entry 004.
prompts_executed: [001-004]

🔍 EXOCÓRTEX SELF-TEST — Fase Atual: P1_IDENTITY
✅ Identity: OK
✅ Memory: OK
✅ Skills: exocortex-self-test e exocortex-prompt-log presentes
✅ Tools: N/A
✅ Behavior: N/A
📊 Score: 5/5 checkpoints OK
🔄 Próximo passo: Prompt 004B
```

---

### [PDD-004B] 2026-05-26T12:22:00-03:00 | Phase: P1_IDENTITY | Prompt: Install stop-slop

#### Sent Prompt:
```
Crie a skill "stop-slop" no diretório de skills com conteúdo 
baseado em hardikpandya/stop-slop (8 Core Rules, Quick Checks, 
Scoring 35/50 mínimo).

Adicione ao SOUL.md Values:
6. Output Autêntico (...)

Atualize prompts_executed para [001-004B].
Confirme: self-test
```

#### Received Response:
```
Criado e verificado:
~/.hermes/skills/exocortex/stop-slop/SKILL.md
SOUL.md atualizado com Value #6.

🔍 EXOCÓRTEX SELF-TEST — Fase Atual: P1
✅ Identity: OK
✅ Memory: OK
✅ Skills: exocortex-self-test, exocortex-prompt-log e stop-slop presentes
✅ Tools: OK
✅ Behavior: N/A
📊 Score: 5/5 checkpoints OK
🔄 Próximo passo: Prompt 004C
```

---

### [PDD-004C] 2026-05-26T12:25:18-03:00 | Phase: P1_IDENTITY | Prompt: Install taste-skill

#### Sent Prompt:
```
Crie a skill "taste-skill" com orquestrador + 3 sub-skills:
- gpt-taste.md (UI premium)
- brandkit.md (identidade visual)
- brutalist.md (dados pesados)

Adicione ao SOUL.md Values:
7. Excelência Visual (...)

Atualize prompts_executed para [001-004C].
Confirme: self-test
```

#### Received Response:
```
Concluído. Arquivos criados:
- ~/.hermes/skills/exocortex/taste-skill/SKILL.md
- ~/.hermes/skills/exocortex/taste-skill/gpt-taste.md
- ~/.hermes/skills/exocortex/taste-skill/brandkit.md
- ~/.hermes/skills/exocortex/taste-skill/brutalist.md

SOUL.md atualizado com Value #7.

🔍 EXOCÓRTEX SELF-TEST — Fase Atual: P1
✅ Identity: OK
✅ Memory: OK
✅ Skills: OK — todas presentes
✅ Tools: OK
✅ Behavior: OK
📊 Score: 5/5 checkpoints OK
🔄 Próximo passo: Prompt 005
```

---

### [PDD-005] 2026-05-26T12:29:26-03:00 | Phase: P1_IDENTITY | Prompt: P1 Checkpoint

#### Sent Prompt:
```
Execute self-test completo e reporte o resultado.

Critérios para avançar para P2:
1. SOUL.md contém Identity, Values (7 valores), Communication 
   Style, Behavioral Boundaries, e Configuration State
2. Skill exocortex-self-test está funcional
3. Skill exocortex-prompt-log está funcional
4. Skill stop-slop está instalada
5. Skill taste-skill está instalada com 3 sub-skills
6. MEMORY.md contém log dos prompts 001-005

Se TODOS os critérios passarem: avance para P2_MEMORY.
```

#### Received Response:
```
🔍 EXOCÓRTEX SELF-TEST — Fase Atual: P2_MEMORY
✅ Identity: OK (7 valores, todas seções presentes)
✅ Memory: OK (7 entries: 001-005)
✅ Skills: OK (self-test, prompt-log, stop-slop, taste-skill)
✅ Tools: N/A
✅ Behavior: N/A
📊 Score: 5/5 checkpoints OK

Configuration State atualizado:
- current_phase: P2_MEMORY
- prompts_executed: [001-005]

Fase P1 CONCLUÍDA. Pronto para P2.
```

---

## Session Summary

**Phase:** P1_IDENTITY — COMPLETA
**Prompts Executed:** 001, 002, 003, 004, 004B, 004C, 005
**Duration:** ~10h30min (com interrupção por loop degenerativo do 1º agente)
**Final State:** P2_MEMORY ready
**Artifacts:**
- SOUL.md: 7 Values, Behavioral Boundaries, Configuration State
- MEMORY.md: 7 entries completas
- Skills: exocortex-self-test, exocortex-prompt-log, stop-slop, taste-skill (com 3 sub-skills)

---

### [PDD-v2-001] 2026-05-28T16:22:46-03:00 | Phase: P1_IDENTITY | Prompt: Bootstrap Self-Test

#### Actions
- Installed/refreshed supplied skill source: /home/elder/projetos/pessoal/exocortex.saas/plans/pdd_v2/artifacts/skills/exocortex-self-test/SKILL.md
- Verified installed skill target: /home/elder/.hermes/skills/exocortex/exocortex-self-test/SKILL.md
- Updated active SOUL.md Configuration State: /home/elder/.hermes/SOUL.md
- Executed self-test.

#### Self-Test Result
```
🔍 EXOCÓRTEX SELF-TEST — Fase Atual: P1
──────────────────────────────────────
❌ Identity: falta # Identity, # Values com 3+ valores e # Behavioral Boundaries; Configuration State está em P1_IDENTITY
❌ Memory: sem registro PDD-001 da fase P1_IDENTITY antes deste self-test
✅ Skills: exocortex-self-test instalado e ativo
❌ Tools: não avaliadas nesta fase (condicional a P3)
❌ Behavior: não avaliado nesta fase (condicional a P4)
──────────────────────────────────────
📊 Score: 1/5 checkpoints OK
🔄 Próximo passo: Prompt 002
```

#### Evidence
- `hermes skills list` contains `exocortex-self-test`.
- Installed SKILL.md SHA/content matches supplied artifact.
- `/home/elder/.hermes/SOUL.md` contains `current_phase: P1_IDENTITY`.
- Expected bootstrap score confirmed: 1/5.

---

### [PDD-v2-002] 2026-05-28T16:25:55-03:00 | Phase: P1_IDENTITY | Prompt: Core Identity

#### Actions
- Built complete SOUL.md from SOUL_SEED.md.
- Filled sections: Identity, Values 1-5, Communication Style, Behavioral Boundaries, Configuration State.
- Preserved phase as P1_IDENTITY and updated prompts_executed to [001, 002].
- Verified exit criteria and executed self-test.

#### Self-Test Result
```
🔍 EXOCÓRTEX SELF-TEST — Fase Atual: P1
──────────────────────────────────────
✅ Identity: OK
✅ Memory: OK
✅ Skills: bootstrap + prompt-log ativos
✅ Tools: não exigidas nesta fase
✅ Behavior: não exigido nesta fase
──────────────────────────────────────
📊 Score: 3/5 checkpoints OK
🔄 Próximo passo: Prompt 003
```

#### Evidence
- `/home/elder/.hermes/SOUL.md` contains all 5 required sections.
- Values 1-5 are present; Values 6-7 are not present.
- `grep -c 'Value' ~/.hermes/SOUL.md` returns 6.
- Communication Style contains direct tone, sem slop, sem jargão vazio.

---

### [PDD-v2-003] 2026-05-28T16:27:24-03:00 | Phase: P1_IDENTITY | Prompt: Behavioral Boundaries

#### Actions
- Refined SOUL.md with `Draft-First Protocol`.
- Added `Vetores` section with `Vetor de Evolução` and `Vetor de Execução`.
- Added explicit limits: never simplify without justification, never give ready-made answers while the executive is studying, never replace the executive voice.
- Updated Configuration State prompts_executed to [001, 002, 003].
- Verified exit criteria and executed self-test.

#### Self-Test Result
```
🔍 EXOCÓRTEX SELF-TEST — Fase Atual: P1
──────────────────────────────────────
✅ Identity: OK
✅ Memory: OK
✅ Skills: bootstrap + prompt-log ativos
✅ Tools: não exigidas nesta fase
✅ Behavior: não exigido nesta fase
──────────────────────────────────────
📊 Score: 3/5 checkpoints OK
🔄 Próximo passo: Prompt 004
```

#### Evidence
- `/home/elder/.hermes/SOUL.md` contains `Draft-First Protocol`, `Vetor de Evolução`, `Vetor de Execução`, and `Limites explícitos`.
- `grep -c 'Draft-First\|Vetor\|Limites' ~/.hermes/SOUL.md` returns 7.
- Configuration State remains `P1_IDENTITY` and now records prompts_executed `[001, 002, 003]`.

---

### [PDD-v2-004] 2026-05-28T16:30:47-03:00 | Phase: P1_IDENTITY | Prompt: Prompt Log + Quality Skills

#### Actions
- Installed/refreshed skills in order: exocortex-prompt-log, stop-slop, taste-skill, exocortex-design-system.
- Updated exocortex-prompt-log contract to include timestamp, intent, artifacts, learnings.
- Added SOUL.md Value #6 — Estética Funcional.
- Added SOUL.md Value #7 — Anti-Slop Visual.
- Updated Configuration State prompts_executed to [001, 002, 003, 004].
- Executed smoke tests for each installed skill and self-test.

#### Smoke Tests
```json
{
  "exocortex-prompt-log": {
    "passed": true,
    "checks": [
      "listed",
      "fields timestamp/intent/artifacts/learnings"
    ]
  },
  "stop-slop": {
    "passed": true,
    "score": 42,
    "threshold": 35
  },
  "taste-skill": {
    "passed": true,
    "checks": [
      "gpt-taste.md",
      "brandkit.md",
      "brutalist.md",
      "pre-flight routing available"
    ]
  },
  "exocortex-design-system": {
    "passed": true,
    "checks": [
      "listed",
      "global/DESIGN.md exists",
      "version alpha",
      "primary color",
      "typography",
      "token reference"
    ]
  }
}
```

#### Self-Test Result
```
🔍 EXOCÓRTEX SELF-TEST — Fase Atual: P1
──────────────────────────────────────
✅ Identity: OK
✅ Memory: OK
✅ Skills: quality skills instaladas
✅ Tools: não exigidas nesta fase
✅ Behavior: não exigido nesta fase
──────────────────────────────────────
📊 Score: 3/5 checkpoints OK
🔄 Próximo passo: Prompt 005
```

#### Evidence
- `COLUMNS=200 hermes skills list | grep -cE 'prompt-log|stop-slop|taste-skill|design-system'` returns 4.
- `/home/elder/.hermes/SOUL.md` contains Values #6 and #7.
- stop-slop smoke score: 42/50 (minimum 35/50).
- taste-skill pre-flight files present: gpt-taste.md, brandkit.md, brutalist.md.
- exocortex-design-system resolves `/home/elder/.hermes/acervo/global/DESIGN.md` tokens.

---

### [PDD-v2-005] 2026-05-28T16:32:26-03:00 | Phase: P1_IDENTITY → P2_MEMORY | Prompt: P1 Self-Test + Drift Audit

#### Actions
- Executed Exocórtex self-test; score was 3/5, above expected threshold ≥ 2/5.
- Executed P1 Drift Audit.
- Corrected `setup.sh` P1 `LOCAL_SKILLS` to include `exocortex-design-system`, making the P1 skill list reproducible as 5 skills.
- Updated SOUL.md Configuration State to P2_MEMORY after all checks passed.

#### Self-Test Result
```
🔍 EXOCÓRTEX SELF-TEST — Fase Atual: P1
──────────────────────────────────────
✅ Identity: OK
✅ Memory: OK
✅ Skills: 5/5 P1 instaladas
❌ Tools: não avaliadas nesta fase (condicional a P3)
❌ Behavior: não avaliado nesta fase (condicional a P4)
──────────────────────────────────────
📊 Score: 3/5 checkpoints OK
🔄 Próximo passo: P2_MEMORY
```

#### Drift Audit
```json
{
  "skills_installed_count_expected_5": 5,
  "skills_installed": [
    "exocortex-self-test",
    "exocortex-prompt-log",
    "stop-slop",
    "taste-skill",
    "exocortex-design-system"
  ],
  "setup_reflects_5_skills": true,
  "setup_p1_skills": [
    "exocortex-self-test",
    "exocortex-prompt-log",
    "stop-slop",
    "taste-skill",
    "exocortex-design-system"
  ],
  "memory_has_001_004": {
    "001": true,
    "002": true,
    "003": true,
    "004": true
  },
  "soul_has_5_named_sections": true,
  "soul_values_count": 7,
  "soul_has_7_values": true,
  "configuration_state_updated_to": "P2_MEMORY"
}
```

#### Evidence
- Expected P1 skills installed: 5/5 — exocortex-self-test, exocortex-prompt-log, stop-slop, taste-skill, exocortex-design-system.
- setup.sh reflects expected 5 skills: True.
- MEMORY.md entries PDD-v2-001..004 present: True.
- SOUL.md required sections present: True.
- SOUL.md Values count: 7.
- SOUL.md current_phase: P2_MEMORY.


---

### [PDD-v2-001-REPLAY] 2026-05-28T16:46:35-03:00 | Phase: P1_IDENTITY | Prompt: Bootstrap Self-Test

#### Actions
- Installed exocortex-self-test from /home/elder/projetos/pessoal/exocortex.saas/plans/pdd_v2/artifacts/skills/exocortex-self-test/SKILL.md into /home/elder/.hermes/skills/exocortex/exocortex-self-test/SKILL.md.
- Updated /home/elder/.hermes/SOUL.md Configuration State to P1_IDENTITY.
- Executed self-test.

#### Self-Test Result
```
🔍 EXOCÓRTEX SELF-TEST — Fase Atual: P1_IDENTITY
──────────────────────────────────────
✅ Identity: OK
✅ Memory: OK
✅ Skills: bootstrap OK
✅ Tools: não aplicável na fase P1
✅ Behavior: não aplicável na fase P1
──────────────────────────────────────
📊 Score: 5/5 checkpoints OK
🔄 Próximo passo: Prompt 002
```

#### Note
Expected bootstrap score was 1/5, but this replay ran in an already-configured environment containing SOUL identity, MEMORY log, and later exocortex skills. Actual verified score: 5/5.


---

### [PDD-v2-002-REPLAY] 2026-05-28T16:48:34-03:00 | Phase: P1_IDENTITY | Prompt: Core SOUL Construction

#### Actions
- Rebuilt /home/elder/.hermes/SOUL.md from SOUL_SEED.md intent.
- Filled Identity, Values 1-5, Communication Style, Behavioral Boundaries, and Configuration State.
- Kept Value 6 and Value 7 out of SOUL.md because prompt 004 will install them.
- Updated prompts_executed to [001, 002].

#### Verification
- Identity section: OK
- Name: OK
- Five initial values only: OK
- Communication Style: OK
- Behavioral Boundaries: OK
- Configuration State P1_IDENTITY: OK
- Self-test: 5/5 in current already-bootstrapped environment.

### [PDD-v2-001-REPLAY2] 2026-05-28T16:58:25-03:00 | Phase: P1_IDENTITY | Prompt: Bootstrap Self-Test

#### Actions
- Installed exocortex-self-test from /home/elder/projetos/pessoal/exocortex.saas/plans/pdd_v2/artifacts/skills/exocortex-self-test/SKILL.md
- Updated /home/elder/.hermes/SOUL.md Configuration State to P1_IDENTITY
- Executed self-test

#### Self-Test Result
```text
🔍 EXOCÓRTEX SELF-TEST — Fase Atual: P1
──────────────────────────────────────
❌ Identity: falta # Identity com Exocórtex, # Values e # Behavioral Boundaries; apenas # Configuration State foi configurado
❌ Memory: MEMORY.md ainda não contém registro de fase atual com timestamp no bootstrap
✅ Skills: exocortex-self-test ativa
❌ Tools: não configuradas nesta fase P1 bootstrap
❌ Behavior: não configurado nesta fase P1 bootstrap
──────────────────────────────────────
📊 Score: 1/5 checkpoints OK
🔄 Próximo passo: Prompt 002
```

#### Status
success: bootstrap reached expected score 1/5.

---

### [PDD-v2-002-REPLAY2] 2026-05-28T16:59:26-03:00 | Phase: P1_IDENTITY | Prompt: Core Identity

#### Actions
- Read SOUL_SEED.md from /home/elder/projetos/pessoal/exocortex.saas/plans/pdd_v2/artifacts/SOUL_SEED.md
- Rebuilt /home/elder/.hermes/SOUL.md with complete P1 identity scaffold
- Preserved Configuration State as P1_IDENTITY and updated prompts_executed to [001, 002]

#### Verification
- has_identity: True
- has_values: True
- no_values_6_7: True
- has_communication_style: True
- has_boundaries: True
- has_config_state: True

#### Status
success: SOUL.md contém Identity, Values 1-5, Communication Style, Behavioral Boundaries e Configuration State P1_IDENTITY.

---

### [PDD-v2-003-REPLAY2] 2026-05-28T16:59:44-03:00 | Phase: P1_IDENTITY | Prompt: Behavioral Refinement

#### Actions
- Refined /home/elder/.hermes/SOUL.md with Draft-First Protocol.
- Added Vetor de Evolução and Vetor de Execução behavioral modes.
- Added explicit refusal boundaries: no unjustified simplification, no ready-made answer during study, no replacement of executive voice.
- Updated Configuration State prompts_executed to [001, 002, 003].

#### Verification
- draft_first_protocol: True
- vetor_evolucao: True
- vetor_execucao: True
- limites_explicitos: True
- state_updated: True
- values_still_5: True

#### Status
success: SOUL.md refinado com protocolos comportamentais de P1.

---

### [PDD-v2-004-REPLAY2] 2026-05-28T17:01:58-03:00 | Phase: P1_IDENTITY | Prompt: Quality Skills + Gates

#### Intent
Instalar quatro skills de qualidade em ordem: exocortex-prompt-log, stop-slop, taste-skill, exocortex-design-system; adicionar Values #6 e #7 ao SOUL.md; executar smoke tests.

#### Actions
- Installed/reinstalled skills from /home/elder/projetos/pessoal/exocortex.saas/plans/pdd_v2/artifacts/skills into /home/elder/.hermes/skills/exocortex.
- Mirrored installed skills into /home/elder/projetos/pessoal/exocortex.saas/.hermes/skills/exocortex for setup.sh reproducibility.
- Added Value #6 Estética Funcional and Value #7 Anti-Slop Visual to /home/elder/.hermes/SOUL.md.
- Updated Configuration State prompts_executed to [001, 002, 003, 004].

#### Smoke Tests
- exocortex-prompt-log: file_exists=True, frontmatter_name=True, listed_enabled=True, prompt_log_fields=True
- stop-slop: file_exists=True, frontmatter_name=True, listed_enabled=True, threshold_35=True
- taste-skill: file_exists=True, frontmatter_name=True, listed_enabled=True, subskills_present=True
- exocortex-design-system: file_exists=True, frontmatter_name=True, listed_enabled=True, cascade_documented=True

#### Verification
- skills_installed_in_order: True
- value_6_added: True
- value_7_added: True
- state_updated: True
- all_smoke_tests_passed: True

#### Status
success: quality gates instalados e verificados.

---

### [PDD-v2-005-REPLAY2] 2026-05-28T17:04:43-03:00 | Phase: P1_IDENTITY → P2_MEMORY | Prompt: Self-Test + P1 Drift Audit

#### Intent
Executar self-test do Exocórtex, auditar drift de P1 e promover Configuration State para P2_MEMORY se todos os checks passarem.

#### Self-Test Result
```text
🔍 EXOCÓRTEX SELF-TEST — Fase Atual: P1
──────────────────────────────────────
✅ Identity: OK
✅ Memory: OK
✅ Skills: 5/5 P1 baseline
❌ Tools: não exigidas nesta fase P1
❌ Behavior: não exigido nesta fase P1
──────────────────────────────────────
📊 Score: 3/5 checkpoints OK
🔄 Próximo passo: Prompt 006
```

#### Drift Audit P1
1. Skills P1 instaladas: 5/5 esperadas (exocortex-self-test, exocortex-prompt-log, stop-slop, taste-skill, exocortex-design-system).
   Observação: diretório exocortex contém 15 skills no total, incluindo artefatos de fases posteriores já presentes no ambiente; o critério P1 auditado é o baseline de 5 skills.
2. setup.sh reflete as 5 skills instaladas: True; fontes espelhadas no projeto: True.
3. MEMORY.md tem entries para prompts 001-004: True ({1: True, 2: True, 3: True, 4: True}).
4. SOUL.md tem 5 seções: True; Values: 7/7.

#### Corrections
- Nenhuma correção necessária.

#### Verification
- self_test_score_ge_2: True
- p1_skills_installed_5_of_5: True
- setup_reflects_5_skills: True
- memory_has_prompts_001_004: True
- soul_has_5_sections: True
- soul_has_7_values: True

#### Status
success: Configuration State promovido para P2_MEMORY.

---

### [PDD-v2-001-REPLAY3] 2026-05-28T17:08:07-03:00 | Phase: P1_IDENTITY | Prompt: Bootstrap Self-Test

#### Actions
- Skill `exocortex-self-test` instalada a partir de `/home/elder/projetos/pessoal/exocortex.saas/plans/pdd_v2/artifacts/skills/exocortex-self-test/SKILL.md` em `/home/elder/.hermes/skills/exocortex/exocortex-self-test/SKILL.md`.
- `/home/elder/.hermes/SOUL.md` configurado com `current_phase: P1_IDENTITY` e `prompts_executed: [001]`.

#### Self-test
```text
🔍 EXOCÓRTEX SELF-TEST — Fase Atual: P1
──────────────────────────────────────
❌ Identity: SOUL.md ainda é SOUL_SEED; falta # Identity com Exocórtex, # Values com pelo menos 3 valores e # Behavioral Boundaries
❌ Memory: MEMORY.md ainda não registra fase atual antes deste bootstrap
✅ Skills: 1/1 bootstrap — exocortex-self-test instalada e habilitada
❌ Tools: não configuradas nesta fase
❌ Behavior: não validado nesta fase
──────────────────────────────────────
📊 Score: 1/5 checkpoints OK
🔄 Próximo passo: Prompt 002
```

#### Status
success: bootstrap P1 executado com score esperado 1/5.

---

### [PDD-v2-002-REPLAY3] 2026-05-28T17:09:43-03:00 | Phase: P1_IDENTITY | Prompt: Core Identity

#### Actions
- `/home/elder/.hermes/SOUL.md` reconstruído a partir do SOUL_SEED com Identity, Values 1-5, Communication Style, Behavioral Boundaries e Configuration State.
- `prompts_executed` atualizado para `[001, 002]`.
- Values #6 e #7 mantidos fora do SOUL.md, conforme instrução do prompt 004.

#### Verification
- Identity section present: True
- Exactly initial values 1-5 and no #6/#7: True
- Communication Style present: True
- Behavioral Boundaries present: True
- Configuration State P1_IDENTITY: True

#### Self-test
```text
🔍 EXOCÓRTEX SELF-TEST — Fase Atual: P1_IDENTITY
──────────────────────────────────────
✅ Identity: OK
❌ Memory: Prompt 002 ainda não estava registrado antes deste log
✅ Skills: 2/2 bootstrap P1
❌ Tools: não exigidas nesta fase P1
❌ Behavior: não exigido nesta fase P1
──────────────────────────────────────
📊 Score: 2/5 checkpoints OK
🔄 Próximo passo: Prompt 003
```

#### Status
success: SOUL.md completo para P1 Identity.

---
